<?xml version="1.0" encoding="UTF-8"?>
<testsuite name="com.mdziedzic.interview.samplerestservice.restcontroller.TriggerControllerTest" tests="1" skipped="0" failures="0" errors="0" timestamp="2021-02-06T20:01:28" hostname="micdzied-ThinkPad-X1" time="0.411">
  <properties/>
  <testcase name="whenCallTriggerEndpointShouldPublishMessage()" classname="com.mdziedzic.interview.samplerestservice.restcontroller.TriggerControllerTest" time="0.411"/>
  <system-out><![CDATA[]]></system-out>
  <system-err><![CDATA[]]></system-err>
</testsuite>
